C:\USERS\SS-SI\DESKTOP\STRUCHKOV\DEBUG\STRUCHKOV.EXE
C:\USERS\SS-SI\DESKTOP\STRUCHKOV\DEBUG\STRUCHKOV.ILK
C:\Users\ss-si\Desktop\Struchkov\Debug\Struchkov.pdb
C:\Users\ss-si\Desktop\Struchkov\Struchkov\Debug\icl.command.1.tlog
C:\Users\ss-si\Desktop\Struchkov\Struchkov\Debug\icl.read.1.tlog
C:\Users\ss-si\Desktop\Struchkov\Struchkov\Debug\icl.read.5.tlog
C:\Users\ss-si\Desktop\Struchkov\Struchkov\Debug\icl.read.7.tlog
C:\Users\ss-si\Desktop\Struchkov\Struchkov\Debug\icl.write.1.tlog
C:\Users\ss-si\Desktop\Struchkov\Struchkov\Debug\icl-mcpcom.read.1.tlog
C:\Users\ss-si\Desktop\Struchkov\Struchkov\Debug\icl-mcpcom.write.1.tlog
C:\Users\ss-si\Desktop\Struchkov\Struchkov\Debug\mt.command.1.tlog
C:\Users\ss-si\Desktop\Struchkov\Struchkov\Debug\mt.read.1.tlog
C:\Users\ss-si\Desktop\Struchkov\Struchkov\Debug\mt.write.1.tlog
C:\Users\ss-si\Desktop\Struchkov\Struchkov\Debug\rc.command.1.tlog
C:\Users\ss-si\Desktop\Struchkov\Struchkov\Debug\rc.read.1.tlog
C:\Users\ss-si\Desktop\Struchkov\Struchkov\Debug\rc.write.1.tlog
C:\USERS\SS-SI\DESKTOP\STRUCHKOV\STRUCHKOV\DEBUG\STDAFX.OBJ
C:\USERS\SS-SI\DESKTOP\STRUCHKOV\STRUCHKOV\DEBUG\STRUCHKOV.EXE.EMBED.MANIFEST
C:\USERS\SS-SI\DESKTOP\STRUCHKOV\STRUCHKOV\DEBUG\STRUCHKOV.EXE.EMBED.MANIFEST.RES
C:\USERS\SS-SI\DESKTOP\STRUCHKOV\STRUCHKOV\DEBUG\STRUCHKOV.EXE.INTERMEDIATE.MANIFEST
C:\USERS\SS-SI\DESKTOP\STRUCHKOV\STRUCHKOV\DEBUG\STRUCHKOV.OBJ
C:\USERS\SS-SI\DESKTOP\STRUCHKOV\STRUCHKOV\DEBUG\STRUCHKOV.PCHI
C:\Users\ss-si\Desktop\Struchkov\Struchkov\Debug\Struchkov.write.1.tlog
C:\Users\ss-si\Desktop\Struchkov\Struchkov\Debug\Struchkov_manifest.rc
C:\USERS\SS-SI\DESKTOP\STRUCHKOV\STRUCHKOV\DEBUG\SUMTREE.OBJ
C:\USERS\SS-SI\DESKTOP\STRUCHKOV\STRUCHKOV\DEBUG\VC100.PDB
C:\Users\ss-si\Desktop\Struchkov\Struchkov\Debug\xilink.command.1.tlog
C:\Users\ss-si\Desktop\Struchkov\Struchkov\Debug\xilink.read.1.tlog
C:\Users\ss-si\Desktop\Struchkov\Struchkov\Debug\xilink.write.1.tlog
C:\Users\ss-si\Desktop\Struchkov\Struchkov\Debug\xilink-link.6188.read.1.tlog
C:\Users\ss-si\Desktop\Struchkov\Struchkov\Debug\xilink-link.6188.write.1.tlog
C:\Users\ss-si\Desktop\Struchkov\Struchkov\Debug\xilink-link.6188-cvtres.read.1.tlog
C:\Users\ss-si\Desktop\Struchkov\Struchkov\Debug\xilink-link.6188-cvtres.write.1.tlog
C:\Users\ss-si\Desktop\Struchkov\Struchkov\Debug\xilink-link.read.1.tlog
C:\Users\ss-si\Desktop\Struchkov\Struchkov\Debug\xilink-link.write.1.tlog
C:\Users\ss-si\Desktop\Struchkov\Struchkov\Debug\xilink-link-cvtres.read.1.tlog
C:\Users\ss-si\Desktop\Struchkov\Struchkov\Debug\xilink-link-cvtres.write.1.tlog
C:\Users\ss-si\Desktop\Struchkov\Struchkov\Debug\xilink-mcpcom.read.1.tlog
C:\Users\ss-si\Desktop\Struchkov\Struchkov\Debug\xilink-mcpcom.write.1.tlog
