Построение начато 01.06.2017 5:25:26.
     1>Проект "D:\Parallel-Computing-2016-2017\Struchkov\Struchkov\Struchkov.vcxproj" в узле 2 (целевые объекты build).
     1>InitializeBuildStatus:
         Создание "Debug\Srtuchkov.unsuccessfulbuild", так как было задано "AlwaysCreate".
       ClCompile:
         Для всех выходных данных обновления не требуется.
         C:\Program Files (x86)\Microsoft Visual Studio 10.0\VC\bin\CL.exe /c /ZI /nologo /W3 /WX- /Od /Oy- /D WIN32 /D _DEBUG /D _CONSOLE /D _UNICODE /D UNICODE /Gm /EHsc /RTC1 /MDd /GS /fp:precise /Zc:wchar_t /Zc:forScope /Yu"StdAfx.h" /Fp"Debug\Srtuchkov.pch" /Fo"Debug\\" /Fd"Debug\vc100.pdb" /Gd /TP /analyze- /errorReport:prompt Struchkov.cpp
         Struchkov.cpp
     1>d:\parallel-computing-2016-2017\struchkov\struchkov\struchkov.cpp(13): warning C4244: аргумент: преобразование "time_t" в "unsigned int", возможна потеря данных
       ManifestResourceCompile:
         Для всех выходных данных обновления не требуется.
       Link:
         C:\Program Files (x86)\Microsoft Visual Studio 10.0\VC\bin\link.exe /ERRORREPORT:PROMPT /OUT:"D:\Parallel-Computing-2016-2017\Struchkov\Debug\Srtuchkov.exe" /INCREMENTAL /NOLOGO pthreadVC2.lib kernel32.lib user32.lib gdi32.lib winspool.lib comdlg32.lib advapi32.lib shell32.lib ole32.lib oleaut32.lib uuid.lib odbc32.lib odbccp32.lib /MANIFEST /ManifestFile:"Debug\Srtuchkov.exe.intermediate.manifest" /MANIFESTUAC:"level='asInvoker' uiAccess='false'" /DEBUG /PDB:"D:\Parallel-Computing-2016-2017\Struchkov\Debug\Srtuchkov.pdb" /SUBSYSTEM:CONSOLE /TLBID:1 /DYNAMICBASE /NXCOMPAT /IMPLIB:"D:\Parallel-Computing-2016-2017\Struchkov\Debug\Srtuchkov.lib" /MACHINE:X86 Debug\Srtuchkov.exe.embed.manifest.res
         Debug\stdafx.obj
         Debug\Struchkov.obj
         Debug\SumTree.obj
       Manifest:
         C:\Program Files (x86)\Microsoft SDKs\Windows\v7.0A\bin\mt.exe /nologo /verbose /out:"Debug\Srtuchkov.exe.embed.manifest" /manifest Debug\Srtuchkov.exe.intermediate.manifest
         Для всех выходных данных обновления не требуется.
       LinkEmbedManifest:
         Для всех выходных данных обновления не требуется.
         Struchkov.vcxproj -> D:\Parallel-Computing-2016-2017\Struchkov\Debug\Srtuchkov.exe
       FinalizeBuildStatus:
         Файл "Debug\Srtuchkov.unsuccessfulbuild" удаляется.
         Обращение к "Debug\Srtuchkov.lastbuildstate".
     1>Построение проекта "D:\Parallel-Computing-2016-2017\Struchkov\Struchkov\Struchkov.vcxproj" завершено (целевые объекты build).

Построение успешно завершено.

Затраченное время: 00:00:01.01
